<?xml version="1.0" encoding="UTF-8"?>
<!-- Generated by org.testng.reporters.JUnitXMLReporter -->
<testsuite hostname="DESKTOP-OM2QHAP" name="Test" tests="2" failures="0" timestamp="12 Dec 2020 03:49:18 GMT" time="91.855" errors="0">
  <testcase name="@AfterMethod tearDown" time="0.0" classname="com.visionit.orangehrm.testCases.AddUserTC_002">
    <failure type="java.lang.NullPointerException">
      <![CDATA[java.lang.NullPointerException
	at com.visionit.orangehrm.testBase.TestBase.tearDown(TestBase.java:112)
... Removed 27 stack frames]]>
    </failure>
  </testcase> <!-- @AfterMethod tearDown -->
  <testcase name="@BeforeMethod setUp" time="0.0" classname="com.visionit.orangehrm.testCases.AddUserTC_002">
    <skipped/>
  </testcase> <!-- @BeforeMethod setUp -->
  <testcase name="@AfterMethod tearDown" time="0.0" classname="com.visionit.orangehrm.testCases.AddUserTC_002">
    <skipped/>
  </testcase> <!-- @AfterMethod tearDown -->
  <testcase name="@AfterTest endReport" time="0.0" classname="com.visionit.orangehrm.testCases.AddUserTC_002">
    <skipped/>
  </testcase> <!-- @AfterTest endReport -->
  <testcase name="addNewUserTest" time="28.283" classname="com.visionit.orangehrm.testCases.AddUserTC_002"/>
  <testcase name="addNewUserTest" time="0.005" classname="com.visionit.orangehrm.testCases.AddUserTC_002">
    <skipped/>
  </testcase> <!-- addNewUserTest -->
</testsuite> <!-- Test -->
