<?xml version="1.0" encoding="UTF-8"?>
<testng-results skipped="1" failed="0" total="2" passed="1">
  <reporter-output>
  </reporter-output>
  <suite name="Suite" duration-ms="91855" started-at="2020-12-12T03:47:44Z" finished-at="2020-12-12T03:49:16Z">
    <groups>
    </groups>
    <test name="Test" duration-ms="91855" started-at="2020-12-12T03:47:44Z" finished-at="2020-12-12T03:49:16Z">
      <class name="com.visionit.orangehrm.testCases.AddUserTC_002">
        <test-method status="PASS" signature="setupSuite()[pri:0, instance:com.visionit.orangehrm.testCases.AddUserTC_002@3532ec19]" name="setupSuite" is-config="true" duration-ms="2992" started-at="2020-12-12T09:17:41Z" finished-at="2020-12-12T09:17:44Z">
          <reporter-output>
          </reporter-output>
        </test-method> <!-- setupSuite -->
        <test-method status="PASS" signature="setupExtent()[pri:0, instance:com.visionit.orangehrm.testCases.AddUserTC_002@3532ec19]" name="setupExtent" is-config="true" duration-ms="1332" started-at="2020-12-12T09:17:44Z" finished-at="2020-12-12T09:17:46Z">
          <reporter-output>
          </reporter-output>
        </test-method> <!-- setupExtent -->
        <test-method status="PASS" signature="setUp(java.lang.String)[pri:0, instance:com.visionit.orangehrm.testCases.AddUserTC_002@3532ec19]" name="setUp" is-config="true" duration-ms="60736" started-at="2020-12-12T09:17:46Z" finished-at="2020-12-12T09:18:47Z">
          <params>
            <param index="0">
              <value>
                <![CDATA[Chrome]]>
              </value>
            </param>
          </params>
          <reporter-output>
          </reporter-output>
        </test-method> <!-- setUp -->
        <test-method status="PASS" signature="addNewUserTest(java.lang.String, java.lang.String, java.lang.String, java.lang.String, java.lang.String, java.lang.String)[pri:0, instance:com.visionit.orangehrm.testCases.AddUserTC_002@3532ec19]" name="addNewUserTest" duration-ms="28283" started-at="2020-12-12T09:18:47Z" data-provider="getExcelData" finished-at="2020-12-12T09:19:15Z">
          <params>
            <param index="0">
              <value>
                <![CDATA[Admin]]>
              </value>
            </param>
            <param index="1">
              <value>
                <![CDATA[Ganesh]]>
              </value>
            </param>
            <param index="2">
              <value>
                <![CDATA[Ganesh]]>
              </value>
            </param>
            <param index="3">
              <value>
                <![CDATA[Enabled]]>
              </value>
            </param>
            <param index="4">
              <value>
                <![CDATA[Ganesh@223$]]>
              </value>
            </param>
            <param index="5">
              <value>
                <![CDATA[Ganesh@223$]]>
              </value>
            </param>
          </params>
          <reporter-output>
          </reporter-output>
        </test-method> <!-- addNewUserTest -->
        <test-method status="FAIL" signature="tearDown(org.testng.ITestResult)[pri:0, instance:com.visionit.orangehrm.testCases.AddUserTC_002@3532ec19]" name="tearDown" is-config="true" duration-ms="0" started-at="2020-12-12T09:19:15Z" finished-at="2020-12-12T09:19:15Z">
          <params>
            <param index="0">
              <value>
                <![CDATA[[TestResult name=addNewUserTest status=SUCCESS method=AddUserTC_002.addNewUserTest(java.lang.String, java.lang.String, java.lang.String, java.lang.String, java.lang.String, java.lang.String)[pri:0, instance:com.visionit.orangehrm.testCases.AddUserTC_002@3532ec19] output={null}]]]>
              </value>
            </param>
          </params>
          <exception class="java.lang.NullPointerException">
            <full-stacktrace>
              <![CDATA[java.lang.NullPointerException
	at com.visionit.orangehrm.testBase.TestBase.tearDown(TestBase.java:112)
	at sun.reflect.NativeMethodAccessorImpl.invoke0(Native Method)
	at sun.reflect.NativeMethodAccessorImpl.invoke(Unknown Source)
	at sun.reflect.DelegatingMethodAccessorImpl.invoke(Unknown Source)
	at java.lang.reflect.Method.invoke(Unknown Source)
	at org.testng.internal.MethodInvocationHelper.invokeMethod(MethodInvocationHelper.java:86)
	at org.testng.internal.Invoker.invokeConfigurationMethod(Invoker.java:515)
	at org.testng.internal.Invoker.invokeConfigurations(Invoker.java:216)
	at org.testng.internal.Invoker.invokeMethod(Invoker.java:712)
	at org.testng.internal.Invoker.invokeTestMethod(Invoker.java:823)
	at org.testng.internal.Invoker.invokeTestMethods(Invoker.java:1131)
	at org.testng.internal.TestMethodWorker.invokeTestMethods(TestMethodWorker.java:129)
	at org.testng.internal.TestMethodWorker.run(TestMethodWorker.java:112)
	at org.testng.TestRunner.privateRun(TestRunner.java:778)
	at org.testng.TestRunner.run(TestRunner.java:632)
	at org.testng.SuiteRunner.runTest(SuiteRunner.java:366)
	at org.testng.SuiteRunner.runSequentially(SuiteRunner.java:361)
	at org.testng.SuiteRunner.privateRun(SuiteRunner.java:319)
	at org.testng.SuiteRunner.run(SuiteRunner.java:268)
	at org.testng.SuiteRunnerWorker.runSuite(SuiteRunnerWorker.java:52)
	at org.testng.SuiteRunnerWorker.run(SuiteRunnerWorker.java:86)
	at org.testng.TestNG.runSuitesSequentially(TestNG.java:1225)
	at org.testng.TestNG.runSuitesLocally(TestNG.java:1150)
	at org.testng.TestNG.runSuites(TestNG.java:1075)
	at org.testng.TestNG.run(TestNG.java:1047)
	at org.testng.remote.AbstractRemoteTestNG.run(AbstractRemoteTestNG.java:126)
	at org.testng.remote.RemoteTestNG.initAndRun(RemoteTestNG.java:137)
	at org.testng.remote.RemoteTestNG.main(RemoteTestNG.java:58)
]]>
            </full-stacktrace>
          </exception> <!-- java.lang.NullPointerException -->
          <reporter-output>
          </reporter-output>
        </test-method> <!-- tearDown -->
        <test-method status="SKIP" signature="setUp(java.lang.String)[pri:0, instance:com.visionit.orangehrm.testCases.AddUserTC_002@3532ec19]" name="setUp" is-config="true" duration-ms="0" started-at="2020-12-12T09:19:16Z" finished-at="2020-12-12T09:19:16Z">
          <reporter-output>
          </reporter-output>
        </test-method> <!-- setUp -->
        <test-method status="SKIP" signature="addNewUserTest(java.lang.String, java.lang.String, java.lang.String, java.lang.String, java.lang.String, java.lang.String)[pri:0, instance:com.visionit.orangehrm.testCases.AddUserTC_002@3532ec19]" name="addNewUserTest" duration-ms="5" started-at="2020-12-12T09:19:16Z" data-provider="getExcelData" finished-at="2020-12-12T09:19:16Z">
          <params>
            <param index="0">
              <value>
                <![CDATA[ESS]]>
              </value>
            </param>
            <param index="1">
              <value>
                <![CDATA[Vasant]]>
              </value>
            </param>
            <param index="2">
              <value>
                <![CDATA[Vasant]]>
              </value>
            </param>
            <param index="3">
              <value>
                <![CDATA[Disabled]]>
              </value>
            </param>
            <param index="4">
              <value>
                <![CDATA[Vasant@223$]]>
              </value>
            </param>
            <param index="5">
              <value>
                <![CDATA[Vasant@223$]]>
              </value>
            </param>
          </params>
          <reporter-output>
          </reporter-output>
        </test-method> <!-- addNewUserTest -->
        <test-method status="SKIP" signature="tearDown(org.testng.ITestResult)[pri:0, instance:com.visionit.orangehrm.testCases.AddUserTC_002@3532ec19]" name="tearDown" is-config="true" duration-ms="0" started-at="2020-12-12T09:19:16Z" finished-at="2020-12-12T09:19:16Z">
          <reporter-output>
          </reporter-output>
        </test-method> <!-- tearDown -->
        <test-method status="SKIP" signature="endReport()[pri:0, instance:com.visionit.orangehrm.testCases.AddUserTC_002@3532ec19]" name="endReport" is-config="true" duration-ms="0" started-at="2020-12-12T09:19:16Z" finished-at="2020-12-12T09:19:16Z">
          <reporter-output>
          </reporter-output>
        </test-method> <!-- endReport -->
      </class> <!-- com.visionit.orangehrm.testCases.AddUserTC_002 -->
    </test> <!-- Test -->
  </suite> <!-- Suite -->
</testng-results>
